<?xml version="1.0" encoding="UTF-8"?>
<!-- Generated by org.testng.reporters.JUnitXMLReporter -->
<testsuite ignored="0" hostname="DESKTOP-NS9V9UI" failures="0" tests="4" name="Default test" time="11.621" errors="0" timestamp="2026-03-23T03:12:38 IST">
  <testcase classname="api.test.UserTest" name="testPostUser" time="5.38"/>
  <testcase classname="api.test.UserTest" name="testReadUser" time="2.029"/>
  <testcase classname="api.test.UserTest" name="testUpdateUserByName" time="1.725"/>
  <testcase classname="api.test.UserTest" name="testDeleteUserByName" time="1.952"/>
</testsuite> <!-- Default test -->
