<?xml version="1.0" encoding="UTF-8"?>
<!-- Generated by org.testng.reporters.JUnitXMLReporter -->
<testsuite ignored="0" hostname="DESKTOP-NS9V9UI" failures="0" tests="4" name="Test" time="11.812" errors="0" timestamp="2026-02-27T07:30:21 IST">
  <testcase classname="api.test.UserTest" name="testPostUser" time="5.028"/>
  <testcase classname="api.test.UserTest" name="testReadUser" time="1.981"/>
  <testcase classname="api.test.UserTest" name="testUpdateUserByName" time="2.044"/>
  <testcase classname="api.test.UserTest" name="testDeleteUserByName" time="1.944"/>
</testsuite> <!-- Test -->
